Build started 9/17/2014 11:54:49 AM.
     1>Project "C:\Users\Wk\Documents\GitHub\JA\JA\JA.vcxproj" on node 2 (Build target(s)).
     1>ClCompile:
         C:\Program Files (x86)\Microsoft Visual Studio 11.0\VC\bin\CL.exe /c /I"C:\SFML-2.1\include" /Zi /nologo /W3 /WX- /sdl /O2 /Oi /Oy- /GL /D SFML_STATIC /D WIN32 /D NDEBUG /D _WINDOWS /D _UNICODE /D UNICODE /Gm- /EHsc /MD /GS /Gy /fp:precise /Zc:wchar_t /Zc:forScope /Fo"Release\\" /Fd"Release\vc110.pdb" /Gd /TP /analyze- /errorReport:prompt Command.cpp CommandQueue.cpp SceneNode.cpp World.cpp
         Command.cpp
     1>c:\users\wk\documents\github\ja\ja\Command.hpp(22): error C2039: 'fucntion' : is not a member of 'std'
     1>c:\users\wk\documents\github\ja\ja\Command.hpp(22): error C2143: syntax error : missing ';' before '<'
     1>c:\users\wk\documents\github\ja\ja\Command.hpp(22): error C4430: missing type specifier - int assumed. Note: C++ does not support default-int
     1>c:\users\wk\documents\github\ja\ja\Command.hpp(22): error C2988: unrecognizable template declaration/definition
     1>c:\users\wk\documents\github\ja\ja\Command.hpp(22): error C2059: syntax error : '<'
     1>Command.cpp(6): error C2448: 'category' : function-style initializer appears to be a function definition
     1>Command.cpp(6): fatal error C1903: unable to recover from previous error(s); stopping compilation
         CommandQueue.cpp
     1>c:\users\wk\documents\github\ja\ja\Command.hpp(22): error C2039: 'fucntion' : is not a member of 'std'
     1>c:\users\wk\documents\github\ja\ja\Command.hpp(22): error C2143: syntax error : missing ';' before '<'
     1>c:\users\wk\documents\github\ja\ja\Command.hpp(22): error C4430: missing type specifier - int assumed. Note: C++ does not support default-int
     1>c:\users\wk\documents\github\ja\ja\Command.hpp(22): error C2988: unrecognizable template declaration/definition
     1>c:\users\wk\documents\github\ja\ja\Command.hpp(22): error C2059: syntax error : '<'
     1>C:\Program Files (x86)\Microsoft Visual Studio 11.0\VC\include\xmemory(15): error C2143: syntax error : missing ';' before '{'
     1>C:\Program Files (x86)\Microsoft Visual Studio 11.0\VC\include\xmemory(15): error C2447: '{' : missing function header (old-style formal list?)
     1>C:\Program Files (x86)\Microsoft Visual Studio 11.0\VC\include\algorithm(2307): error C2061: syntax error : identifier '_Temp_iterator'
     1>C:\Program Files (x86)\Microsoft Visual Studio 11.0\VC\include\algorithm(3267): error C2061: syntax error : identifier '_Temp_iterator'
     1>C:\Program Files (x86)\Microsoft Visual Studio 11.0\VC\include\algorithm(3341): error C2061: syntax error : identifier '_Temp_iterator'
     1>C:\Program Files (x86)\Microsoft Visual Studio 11.0\VC\include\algorithm(3471): error C2061: syntax error : identifier '_Temp_iterator'
     1>C:\Program Files (x86)\Microsoft Visual Studio 11.0\VC\include\algorithm(3904): error C2061: syntax error : identifier '_Temp_iterator'
     1>C:\Program Files (x86)\Microsoft Visual Studio 11.0\VC\include\algorithm(3930): error C2061: syntax error : identifier '_Temp_iterator'
     1>C:\Program Files (x86)\Microsoft Visual Studio 11.0\VC\include\algorithm(4011): error C2061: syntax error : identifier '_Temp_iterator'
     1>C:\Program Files (x86)\Microsoft Visual Studio 11.0\VC\include\algorithm(4038): error C2061: syntax error : identifier '_Temp_iterator'
     1>C:\Program Files (x86)\Microsoft Visual Studio 11.0\VC\include\memory(389): error C2065: 'auto_ptr' : undeclared identifier
                 C:\Program Files (x86)\Microsoft Visual Studio 11.0\VC\include\memory(469) : see reference to class template instantiation 'std::_Ptr_base<_Ty>' being compiled
     1>C:\Program Files (x86)\Microsoft Visual Studio 11.0\VC\include\memory(389): error C2988: unrecognizable template declaration/definition
     1>C:\Program Files (x86)\Microsoft Visual Studio 11.0\VC\include\memory(389): error C2059: syntax error : '&&'
     1>C:\Program Files (x86)\Microsoft Visual Studio 11.0\VC\include\memory(399): error C2065: '_Ty2' : undeclared identifier
     1>C:\Program Files (x86)\Microsoft Visual Studio 11.0\VC\include\memory(399): error C2923: 'std::_Ptr_base' : '_Ty2' is not a valid template type argument for parameter '_Ty'
     1>C:\Program Files (x86)\Microsoft Visual Studio 11.0\VC\include\memory(400): error C2334: unexpected token(s) preceding '{'; skipping apparent function body
     1>C:\Program Files (x86)\Microsoft Visual Studio 11.0\VC\include\memory(407): error C2988: unrecognizable template declaration/definition
     1>C:\Program Files (x86)\Microsoft Visual Studio 11.0\VC\include\memory(407): error C2059: syntax error : 'if'
     1>C:\Program Files (x86)\Microsoft Visual Studio 11.0\VC\include\memory(408): error C2238: unexpected token(s) preceding ';'
     1>C:\Program Files (x86)\Microsoft Visual Studio 11.0\VC\include\memory(409): error C2061: syntax error : identifier '_Other_ptr'
     1>C:\Program Files (x86)\Microsoft Visual Studio 11.0\VC\include\memory(409): error C4430: missing type specifier - int assumed. Note: C++ does not support default-int
     1>C:\Program Files (x86)\Microsoft Visual Studio 11.0\VC\include\memory(409): warning C4183: '_Reset0': missing return type; assumed to be a member function returning 'int'
     1>C:\Program Files (x86)\Microsoft Visual Studio 11.0\VC\include\memory(412): error C2143: syntax error : missing ';' before 'void'
     1>C:\Program Files (x86)\Microsoft Visual Studio 11.0\VC\include\memory(555): error C2061: syntax error : identifier 'auto_ptr'
                 C:\Program Files (x86)\Microsoft Visual Studio 11.0\VC\include\memory(757) : see reference to class template instantiation 'std::shared_ptr<_Ty>' being compiled
     1>C:\Program Files (x86)\Microsoft Visual Studio 11.0\VC\include\memory(640): error C2065: 'auto_ptr' : undeclared identifier
     1>C:\Program Files (x86)\Microsoft Visual Studio 11.0\VC\include\memory(640): error C2988: unrecognizable template declaration/definition
     1>C:\Program Files (x86)\Microsoft Visual Studio 11.0\VC\include\memory(640): error C2059: syntax error : '&&'
     1>C:\Program Files (x86)\Microsoft Visual Studio 11.0\VC\include\memory(647): error C2334: unexpected token(s) preceding '{'; skipping apparent function body
     1>C:\Program Files (x86)\Microsoft Visual Studio 11.0\VC\include\memory(1359): error C2061: syntax error : identifier 'auto_ptr'
                 C:\Program Files (x86)\Microsoft Visual Studio 11.0\VC\include\memory(1449) : see reference to class template instantiation 'std::unique_ptr<_Ty,_Dx>' being compiled
     1>C:\Program Files (x86)\Microsoft Visual Studio 11.0\VC\include\memory(1948): warning C4159: #pragma pack(pop,...) : has popped previously pushed identifier '<InternalPragmaState>'
         SceneNode.cpp
     1>c:\users\wk\documents\github\ja\ja\Command.hpp(22): error C2039: 'fucntion' : is not a member of 'std'
     1>c:\users\wk\documents\github\ja\ja\Command.hpp(22): error C2143: syntax error : missing ';' before '<'
     1>c:\users\wk\documents\github\ja\ja\Command.hpp(22): error C4430: missing type specifier - int assumed. Note: C++ does not support default-int
     1>c:\users\wk\documents\github\ja\ja\Command.hpp(22): error C2988: unrecognizable template declaration/definition
     1>c:\users\wk\documents\github\ja\ja\Command.hpp(22): error C2059: syntax error : '<'
     1>SceneNode.cpp(10): error C2448: 'mParent' : function-style initializer appears to be a function definition
     1>SceneNode.cpp(10): fatal error C1903: unable to recover from previous error(s); stopping compilation
         World.cpp
     1>c:\users\wk\documents\github\ja\ja\World.hpp(7): fatal error C1083: Cannot open include file: 'SpriteNode.hpp': No such file or directory
     1>Done Building Project "C:\Users\Wk\Documents\GitHub\JA\JA\JA.vcxproj" (Build target(s)) -- FAILED.

Build FAILED.

Time Elapsed 00:00:03.64
